{"/Users/tyson/purity/js/flows/packages/flows-core/src/text/FlowsCoreText.ts": {"path":"/Users/tyson/purity/js/flows/packages/flows-core/src/text/FlowsCoreText.ts","statementMap":{"0":{"start":{"line":1,"column":0},"end":{"line":1,"column":61}},"1":{"start":{"line":7,"column":4},"end":{"line":7,"column":52}},"2":{"start":{"line":11,"column":4},"end":{"line":11,"column":23}},"3":{"start":{"line":3,"column":0},"end":{"line":3,"column":13}}},"fnMap":{"0":{"name":"(anonymous_0)","decl":{"start":{"line":6,"column":2},"end":{"line":6,"column":14}},"loc":{"start":{"line":6,"column":32},"end":{"line":8,"column":3}}},"1":{"name":"(anonymous_1)","decl":{"start":{"line":10,"column":2},"end":{"line":10,"column":13}},"loc":{"start":{"line":10,"column":17},"end":{"line":12,"column":3}}}},"branchMap":{},"s":{"0":1,"1":1,"2":0,"3":1},"f":{"0":1,"1":0},"b":{}}
,"/Users/tyson/purity/js/flows/packages/flows-core/src/text/hash/FlowsCoreTextHash.ts": {"path":"/Users/tyson/purity/js/flows/packages/flows-core/src/text/hash/FlowsCoreTextHash.ts","statementMap":{"0":{"start":{"line":1,"column":0},"end":{"line":1,"column":69}},"1":{"start":{"line":7,"column":4},"end":{"line":7,"column":33}},"2":{"start":{"line":11,"column":17},"end":{"line":11,"column":74}},"3":{"start":{"line":12,"column":4},"end":{"line":12,"column":16}},"4":{"start":{"line":3,"column":0},"end":{"line":3,"column":13}}},"fnMap":{"0":{"name":"(anonymous_0)","decl":{"start":{"line":6,"column":2},"end":{"line":6,"column":14}},"loc":{"start":{"line":6,"column":32},"end":{"line":8,"column":3}}},"1":{"name":"(anonymous_1)","decl":{"start":{"line":10,"column":9},"end":{"line":10,"column":17}},"loc":{"start":{"line":10,"column":30},"end":{"line":13,"column":3}}}},"branchMap":{},"s":{"0":1,"1":1,"2":0,"3":0,"4":1},"f":{"0":1,"1":0},"b":{}}
,"/Users/tyson/purity/js/flows/packages/flows-functions/bin/index.js": {"path":"/Users/tyson/purity/js/flows/packages/flows-functions/bin/index.js","statementMap":{"0":{"start":{"line":8,"column":0},"end":{"line":8,"column":62}},"1":{"start":{"line":9,"column":0},"end":{"line":9,"column":40}},"2":{"start":{"line":10,"column":31},"end":{"line":10,"column":76}},"3":{"start":{"line":11,"column":0},"end":{"line":11,"column":157}},"4":{"start":{"line":11,"column":96},"end":{"line":11,"column":151}}},"fnMap":{"0":{"name":"(anonymous_0)","decl":{"start":{"line":11,"column":82},"end":{"line":11,"column":83}},"loc":{"start":{"line":11,"column":94},"end":{"line":11,"column":153}},"line":11}},"branchMap":{},"s":{"0":1,"1":1,"2":1,"3":1,"4":0},"f":{"0":0},"b":{},"inputSourceMap":null,"_coverageSchema":"1a1c01bbd47fc00a2c39e90264f33305004495a9","hash":"13245da5a2873b13ff58fadf5cc2e55ea81135fd"}
,"/Users/tyson/purity/js/flows/packages/flows-functions/bin/hash/text/FlowsFunctionsHashText.js": {"path":"/Users/tyson/purity/js/flows/packages/flows-functions/bin/hash/text/FlowsFunctionsHashText.js","statementMap":{"0":{"start":{"line":2,"column":0},"end":{"line":2,"column":62}},"1":{"start":{"line":3,"column":0},"end":{"line":3,"column":40}},"2":{"start":{"line":4,"column":17},"end":{"line":4,"column":34}},"3":{"start":{"line":5,"column":31},"end":{"line":8,"column":1}},"4":{"start":{"line":6,"column":16},"end":{"line":6,"column":82}},"5":{"start":{"line":7,"column":4},"end":{"line":7,"column":15}},"6":{"start":{"line":9,"column":0},"end":{"line":9,"column":56}}},"fnMap":{"0":{"name":"(anonymous_0)","decl":{"start":{"line":5,"column":31},"end":{"line":5,"column":32}},"loc":{"start":{"line":5,"column":54},"end":{"line":8,"column":1}},"line":5}},"branchMap":{},"s":{"0":1,"1":1,"2":1,"3":1,"4":0,"5":0,"6":1},"f":{"0":0},"b":{},"inputSourceMap":null,"_coverageSchema":"1a1c01bbd47fc00a2c39e90264f33305004495a9","hash":"26064d072202372b84d59c888371a9e4810dd946"}
,"/Users/tyson/purity/js/flows/packages/flows-functions/src/hash/text/FlowsFunctionsHashText.ts": {"path":"/Users/tyson/purity/js/flows/packages/flows-functions/src/hash/text/FlowsFunctionsHashText.ts","statementMap":{"0":{"start":{"line":1,"column":0},"end":{"line":1,"column":36}},"1":{"start":{"line":8,"column":38},"end":{"line":14,"column":1}},"2":{"start":{"line":12,"column":14},"end":{"line":12,"column":66}},"3":{"start":{"line":13,"column":2},"end":{"line":13,"column":13}},"4":{"start":{"line":8,"column":13},"end":{"line":8,"column":38}}},"fnMap":{"0":{"name":"(anonymous_0)","decl":{"start":{"line":8,"column":38},"end":{"line":8,"column":39}},"loc":{"start":{"line":11,"column":49},"end":{"line":14,"column":1}}}},"branchMap":{},"s":{"0":1,"1":1,"2":1,"3":1,"4":1},"f":{"0":1},"b":{}}
}
